<?xml version="1.0" encoding="UTF-8"?>
<testsuite name="SolutionTest" tests="8" skipped="0" failures="0" errors="0" timestamp="2020-05-06T12:09:40" hostname="VARTAGRA01M" time="0.004">
  <properties/>
  <testcase name="testGetShortestWordAndLength_withEmptyString" classname="SolutionTest" time="0.002"/>
  <testcase name="testGetLongestWordAndLength_standardCase" classname="SolutionTest" time="0.0"/>
  <testcase name="testGetShortestWordAndLength_withMultipleWordsOfEqualLongestLength" classname="SolutionTest" time="0.001"/>
  <testcase name="testGetLongestWordAndLength_withMultipleWordsOfEqualLongestLength" classname="SolutionTest" time="0.0"/>
  <testcase name="testGetShortestWordAndLength_withSentenceWithPunctuations" classname="SolutionTest" time="0.0"/>
  <testcase name="testGetShortestWordAndLength_standardCase" classname="SolutionTest" time="0.0"/>
  <testcase name="testGetLongestWordAndLength_withSentenceWithPunctuations" classname="SolutionTest" time="0.0"/>
  <testcase name="testGetLongestWordAndLength_withEmptyString" classname="SolutionTest" time="0.0"/>
  <system-out><![CDATA[]]></system-out>
  <system-err><![CDATA[]]></system-err>
</testsuite>
